<?xml version="1.0" encoding="UTF-8"?>
<robot generator="Robot 7.0.1 (Python 3.12.4 on win32)" generated="2024-09-24T21:27:01.728003" rpa="false" schemaversion="5">
<suite id="s1" name="Test" source="C:\Users\Kolawat\Desktop\CE KMITL\year3_1\SoftDevPrac\api-robot\test.robot">
<test id="s1-t1" name="Test Plus Numbers 4 and 2" line="13">
<kw name="GET plus JSON">
<kw name="GET" owner="RequestsLibrary">
<msg time="2024-09-24T21:27:03.984490" level="INFO">GET Request : url=http://localhost:5000/plus/4/2 
 path_url=/plus/4/2 
 headers={'User-Agent': 'python-requests/2.31.0', 'Accept-Encoding': 'gzip, deflate', 'Accept': '*/*', 'Connection': 'keep-alive'} 
 body=None 
 </msg>
<msg time="2024-09-24T21:27:03.985524" level="INFO">GET Response : url=http://localhost:5000/plus/4/2 
 status=200, reason=OK 
 headers={'Server': 'Werkzeug/3.0.1 Python/3.12.4', 'Date': 'Tue, 24 Sep 2024 14:27:03 GMT', 'Content-Type': 'application/json', 'Content-Length': '15', 'Connection': 'close'} 
 body={"result":6.0}
 
 </msg>
<msg time="2024-09-24T21:27:03.985524" level="INFO">${resp} = &lt;Response [200]&gt;</msg>
<var>${resp}</var>
<arg>http://localhost:5000/plus/${num1}/${num2}</arg>
<doc>Sends a GET request.</doc>
<status status="PASS" start="2024-09-24T21:27:01.972488" elapsed="2.013036"/>
</kw>
<kw name="Should Be Equal" owner="BuiltIn">
<arg>${resp.status_code}</arg>
<arg>${200}</arg>
<doc>Fails if the given objects are unequal.</doc>
<status status="PASS" start="2024-09-24T21:27:03.985524" elapsed="0.000977"/>
</kw>
<return>
<value>${resp.json()}</value>
<status status="PASS" start="2024-09-24T21:27:03.986501" elapsed="0.000000"/>
</return>
<msg time="2024-09-24T21:27:03.986501" level="INFO">${json_resp} = {'result': 6.0}</msg>
<var>${json_resp}</var>
<arg>4</arg>
<arg>2</arg>
<status status="PASS" start="2024-09-24T21:27:01.972488" elapsed="2.014013"/>
</kw>
<kw name="Should Be Equal" owner="BuiltIn">
<msg time="2024-09-24T21:27:03.987477" level="INFO">Argument types are:
&lt;class 'float'&gt;
&lt;class 'int'&gt;</msg>
<arg>${json_resp['result']}</arg>
<arg>${6}</arg>
<doc>Fails if the given objects are unequal.</doc>
<status status="PASS" start="2024-09-24T21:27:03.986501" elapsed="0.000976"/>
</kw>
<status status="PASS" start="2024-09-24T21:27:01.971512" elapsed="2.015965"/>
</test>
<test id="s1-t2" name="Test Plus Numbers 8.4 and 4" line="17">
<kw name="GET plus JSON">
<kw name="GET" owner="RequestsLibrary">
<msg time="2024-09-24T21:27:05.994487" level="INFO">GET Request : url=http://localhost:5000/plus/8.4/4 
 path_url=/plus/8.4/4 
 headers={'User-Agent': 'python-requests/2.31.0', 'Accept-Encoding': 'gzip, deflate', 'Accept': '*/*', 'Connection': 'keep-alive'} 
 body=None 
 </msg>
<msg time="2024-09-24T21:27:05.994487" level="INFO">GET Response : url=http://localhost:5000/plus/8.4/4 
 status=200, reason=OK 
 headers={'Server': 'Werkzeug/3.0.1 Python/3.12.4', 'Date': 'Tue, 24 Sep 2024 14:27:05 GMT', 'Content-Type': 'application/json', 'Content-Length': '16', 'Connection': 'close'} 
 body={"result":12.4}
 
 </msg>
<msg time="2024-09-24T21:27:05.994487" level="INFO">${resp} = &lt;Response [200]&gt;</msg>
<var>${resp}</var>
<arg>http://localhost:5000/plus/${num1}/${num2}</arg>
<doc>Sends a GET request.</doc>
<status status="PASS" start="2024-09-24T21:27:03.988453" elapsed="2.006034"/>
</kw>
<kw name="Should Be Equal" owner="BuiltIn">
<arg>${resp.status_code}</arg>
<arg>${200}</arg>
<doc>Fails if the given objects are unequal.</doc>
<status status="PASS" start="2024-09-24T21:27:05.994487" elapsed="0.000976"/>
</kw>
<return>
<value>${resp.json()}</value>
<status status="PASS" start="2024-09-24T21:27:05.995463" elapsed="0.000000"/>
</return>
<msg time="2024-09-24T21:27:05.995463" level="INFO">${json_resp} = {'result': 12.4}</msg>
<var>${json_resp}</var>
<arg>8.4</arg>
<arg>4</arg>
<status status="PASS" start="2024-09-24T21:27:03.988453" elapsed="2.007010"/>
</kw>
<kw name="Should Be Equal" owner="BuiltIn">
<arg>${json_resp['result']}</arg>
<arg>${12.4}</arg>
<doc>Fails if the given objects are unequal.</doc>
<status status="PASS" start="2024-09-24T21:27:05.996468" elapsed="0.000000"/>
</kw>
<status status="PASS" start="2024-09-24T21:27:03.987477" elapsed="2.008991"/>
</test>
<test id="s1-t3" name="Test Plus Numbers 8.4 and 4.6" line="21">
<kw name="GET plus JSON">
<kw name="GET" owner="RequestsLibrary">
<msg time="2024-09-24T21:27:08.005584" level="INFO">GET Request : url=http://localhost:5000/plus/8.4/4.6 
 path_url=/plus/8.4/4.6 
 headers={'User-Agent': 'python-requests/2.31.0', 'Accept-Encoding': 'gzip, deflate', 'Accept': '*/*', 'Connection': 'keep-alive'} 
 body=None 
 </msg>
<msg time="2024-09-24T21:27:08.005584" level="INFO">GET Response : url=http://localhost:5000/plus/8.4/4.6 
 status=200, reason=OK 
 headers={'Server': 'Werkzeug/3.0.1 Python/3.12.4', 'Date': 'Tue, 24 Sep 2024 14:27:08 GMT', 'Content-Type': 'application/json', 'Content-Length': '16', 'Connection': 'close'} 
 body={"result":13.0}
 
 </msg>
<msg time="2024-09-24T21:27:08.005584" level="INFO">${resp} = &lt;Response [200]&gt;</msg>
<var>${resp}</var>
<arg>http://localhost:5000/plus/${num1}/${num2}</arg>
<doc>Sends a GET request.</doc>
<status status="PASS" start="2024-09-24T21:27:05.997598" elapsed="2.007986"/>
</kw>
<kw name="Should Be Equal" owner="BuiltIn">
<arg>${resp.status_code}</arg>
<arg>${200}</arg>
<doc>Fails if the given objects are unequal.</doc>
<status status="PASS" start="2024-09-24T21:27:08.006561" elapsed="0.000000"/>
</kw>
<return>
<value>${resp.json()}</value>
<status status="PASS" start="2024-09-24T21:27:08.006561" elapsed="0.000984"/>
</return>
<msg time="2024-09-24T21:27:08.007545" level="INFO">${json_resp} = {'result': 13.0}</msg>
<var>${json_resp}</var>
<arg>8.4</arg>
<arg>4.6</arg>
<status status="PASS" start="2024-09-24T21:27:05.997598" elapsed="2.009947"/>
</kw>
<kw name="Should Be Equal" owner="BuiltIn">
<arg>${json_resp['result']}</arg>
<arg>${13.0}</arg>
<doc>Fails if the given objects are unequal.</doc>
<status status="PASS" start="2024-09-24T21:27:08.007545" elapsed="0.000978"/>
</kw>
<status status="PASS" start="2024-09-24T21:27:05.997598" elapsed="2.010925"/>
</test>
<test id="s1-t4" name="Test Plus Numbers -5 and -6" line="25">
<kw name="GET plus JSON">
<kw name="GET" owner="RequestsLibrary">
<msg time="2024-09-24T21:27:10.015781" level="INFO">GET Request : url=http://localhost:5000/plus/-5/-6 
 path_url=/plus/-5/-6 
 headers={'User-Agent': 'python-requests/2.31.0', 'Accept-Encoding': 'gzip, deflate', 'Accept': '*/*', 'Connection': 'keep-alive'} 
 body=None 
 </msg>
<msg time="2024-09-24T21:27:10.015781" level="INFO">GET Response : url=http://localhost:5000/plus/-5/-6 
 status=200, reason=OK 
 headers={'Server': 'Werkzeug/3.0.1 Python/3.12.4', 'Date': 'Tue, 24 Sep 2024 14:27:10 GMT', 'Content-Type': 'application/json', 'Content-Length': '17', 'Connection': 'close'} 
 body={"result":-11.0}
 
 </msg>
<msg time="2024-09-24T21:27:10.015781" level="INFO">${resp} = &lt;Response [200]&gt;</msg>
<var>${resp}</var>
<arg>http://localhost:5000/plus/${num1}/${num2}</arg>
<doc>Sends a GET request.</doc>
<status status="PASS" start="2024-09-24T21:27:08.009498" elapsed="2.006283"/>
</kw>
<kw name="Should Be Equal" owner="BuiltIn">
<arg>${resp.status_code}</arg>
<arg>${200}</arg>
<doc>Fails if the given objects are unequal.</doc>
<status status="PASS" start="2024-09-24T21:27:10.017122" elapsed="0.000000"/>
</kw>
<return>
<value>${resp.json()}</value>
<status status="PASS" start="2024-09-24T21:27:10.017122" elapsed="0.000000"/>
</return>
<msg time="2024-09-24T21:27:10.018177" level="INFO">${json_resp} = {'result': -11.0}</msg>
<var>${json_resp}</var>
<arg>-5</arg>
<arg>-6</arg>
<status status="PASS" start="2024-09-24T21:27:08.009498" elapsed="2.008679"/>
</kw>
<kw name="Should Be Equal" owner="BuiltIn">
<msg time="2024-09-24T21:27:10.019290" level="INFO">Argument types are:
&lt;class 'float'&gt;
&lt;class 'int'&gt;</msg>
<arg>${json_resp['result']}</arg>
<arg>${-11}</arg>
<doc>Fails if the given objects are unequal.</doc>
<status status="PASS" start="2024-09-24T21:27:10.018177" elapsed="0.001113"/>
</kw>
<status status="PASS" start="2024-09-24T21:27:08.008523" elapsed="2.010767"/>
</test>
<test id="s1-t5" name="Test Plus Numbers -5 and 6" line="29">
<kw name="GET plus JSON">
<kw name="GET" owner="RequestsLibrary">
<msg time="2024-09-24T21:27:12.027335" level="INFO">GET Request : url=http://localhost:5000/plus/-5/6 
 path_url=/plus/-5/6 
 headers={'User-Agent': 'python-requests/2.31.0', 'Accept-Encoding': 'gzip, deflate', 'Accept': '*/*', 'Connection': 'keep-alive'} 
 body=None 
 </msg>
<msg time="2024-09-24T21:27:12.027335" level="INFO">GET Response : url=http://localhost:5000/plus/-5/6 
 status=200, reason=OK 
 headers={'Server': 'Werkzeug/3.0.1 Python/3.12.4', 'Date': 'Tue, 24 Sep 2024 14:27:12 GMT', 'Content-Type': 'application/json', 'Content-Length': '15', 'Connection': 'close'} 
 body={"result":1.0}
 
 </msg>
<msg time="2024-09-24T21:27:12.027335" level="INFO">${resp} = &lt;Response [200]&gt;</msg>
<var>${resp}</var>
<arg>http://localhost:5000/plus/${num1}/${num2}</arg>
<doc>Sends a GET request.</doc>
<status status="PASS" start="2024-09-24T21:27:10.020303" elapsed="2.007032"/>
</kw>
<kw name="Should Be Equal" owner="BuiltIn">
<arg>${resp.status_code}</arg>
<arg>${200}</arg>
<doc>Fails if the given objects are unequal.</doc>
<status status="PASS" start="2024-09-24T21:27:12.027335" elapsed="0.000989"/>
</kw>
<return>
<value>${resp.json()}</value>
<status status="PASS" start="2024-09-24T21:27:12.028324" elapsed="0.000000"/>
</return>
<msg time="2024-09-24T21:27:12.028324" level="INFO">${json_resp} = {'result': 1.0}</msg>
<var>${json_resp}</var>
<arg>-5</arg>
<arg>6</arg>
<status status="PASS" start="2024-09-24T21:27:10.020303" elapsed="2.008021"/>
</kw>
<kw name="Should Be Equal" owner="BuiltIn">
<msg time="2024-09-24T21:27:12.029830" level="INFO">Argument types are:
&lt;class 'float'&gt;
&lt;class 'int'&gt;</msg>
<arg>${json_resp['result']}</arg>
<arg>${1}</arg>
<doc>Fails if the given objects are unequal.</doc>
<status status="PASS" start="2024-09-24T21:27:12.028324" elapsed="0.001506"/>
</kw>
<status status="PASS" start="2024-09-24T21:27:10.020303" elapsed="2.009527"/>
</test>
<test id="s1-t6" name="Test Plus Numbers 0 and 0" line="33">
<kw name="GET plus JSON">
<kw name="GET" owner="RequestsLibrary">
<msg time="2024-09-24T21:27:14.038694" level="INFO">GET Request : url=http://localhost:5000/plus/0/0 
 path_url=/plus/0/0 
 headers={'User-Agent': 'python-requests/2.31.0', 'Accept-Encoding': 'gzip, deflate', 'Accept': '*/*', 'Connection': 'keep-alive'} 
 body=None 
 </msg>
<msg time="2024-09-24T21:27:14.038694" level="INFO">GET Response : url=http://localhost:5000/plus/0/0 
 status=200, reason=OK 
 headers={'Server': 'Werkzeug/3.0.1 Python/3.12.4', 'Date': 'Tue, 24 Sep 2024 14:27:14 GMT', 'Content-Type': 'application/json', 'Content-Length': '15', 'Connection': 'close'} 
 body={"result":0.0}
 
 </msg>
<msg time="2024-09-24T21:27:14.039681" level="INFO">${resp} = &lt;Response [200]&gt;</msg>
<var>${resp}</var>
<arg>http://localhost:5000/plus/${num1}/${num2}</arg>
<doc>Sends a GET request.</doc>
<status status="PASS" start="2024-09-24T21:27:12.030813" elapsed="2.008868"/>
</kw>
<kw name="Should Be Equal" owner="BuiltIn">
<arg>${resp.status_code}</arg>
<arg>${200}</arg>
<doc>Fails if the given objects are unequal.</doc>
<status status="PASS" start="2024-09-24T21:27:14.039681" elapsed="0.000000"/>
</kw>
<return>
<value>${resp.json()}</value>
<status status="PASS" start="2024-09-24T21:27:14.040656" elapsed="0.000000"/>
</return>
<msg time="2024-09-24T21:27:14.040656" level="INFO">${json_resp} = {'result': 0.0}</msg>
<var>${json_resp}</var>
<arg>0</arg>
<arg>0</arg>
<status status="PASS" start="2024-09-24T21:27:12.030813" elapsed="2.009843"/>
</kw>
<kw name="Should Be Equal" owner="BuiltIn">
<msg time="2024-09-24T21:27:14.041660" level="INFO">Argument types are:
&lt;class 'float'&gt;
&lt;class 'int'&gt;</msg>
<arg>${json_resp['result']}</arg>
<arg>${0}</arg>
<doc>Fails if the given objects are unequal.</doc>
<status status="PASS" start="2024-09-24T21:27:14.040656" elapsed="0.001004"/>
</kw>
<status status="PASS" start="2024-09-24T21:27:12.030813" elapsed="2.010847"/>
</test>
<test id="s1-t7" name="Test Plus Numbers 8 and zero" line="37">
<kw name="GET plus JSON">
<kw name="GET" owner="RequestsLibrary">
<msg time="2024-09-24T21:27:16.050401" level="INFO">GET Request : url=http://localhost:5000/plus/8/%22zero%22 
 path_url=/plus/8/%22zero%22 
 headers={'User-Agent': 'python-requests/2.31.0', 'Accept-Encoding': 'gzip, deflate', 'Accept': '*/*', 'Connection': 'keep-alive'} 
 body=None 
 </msg>
<msg time="2024-09-24T21:27:16.051384" level="INFO">GET Response : url=http://localhost:5000/plus/8/%22zero%22 
 status=200, reason=OK 
 headers={'Server': 'Werkzeug/3.0.1 Python/3.12.4', 'Date': 'Tue, 24 Sep 2024 14:27:16 GMT', 'Content-Type': 'application/json', 'Content-Length': '39', 'Connection': 'close'} 
 body={"error_msg":"inputs must be numbers"}
 
 </msg>
<msg time="2024-09-24T21:27:16.051384" level="INFO">${resp} = &lt;Response [200]&gt;</msg>
<var>${resp}</var>
<arg>http://localhost:5000/plus/${num1}/${num2}</arg>
<doc>Sends a GET request.</doc>
<status status="PASS" start="2024-09-24T21:27:14.042643" elapsed="2.008741"/>
</kw>
<kw name="Should Be Equal" owner="BuiltIn">
<arg>${resp.status_code}</arg>
<arg>${200}</arg>
<doc>Fails if the given objects are unequal.</doc>
<status status="PASS" start="2024-09-24T21:27:16.051384" elapsed="0.000977"/>
</kw>
<return>
<value>${resp.json()}</value>
<status status="PASS" start="2024-09-24T21:27:16.052361" elapsed="0.000000"/>
</return>
<msg time="2024-09-24T21:27:16.052361" level="INFO">${json_resp} = {'error_msg': 'inputs must be numbers'}</msg>
<var>${json_resp}</var>
<arg>${8}</arg>
<arg>"zero"</arg>
<status status="PASS" start="2024-09-24T21:27:14.042643" elapsed="2.009718"/>
</kw>
<kw name="Should Be Equal" owner="BuiltIn">
<arg>${json_resp['error_msg']}</arg>
<arg>inputs must be numbers</arg>
<doc>Fails if the given objects are unequal.</doc>
<status status="PASS" start="2024-09-24T21:27:16.052361" elapsed="0.001284"/>
</kw>
<status status="PASS" start="2024-09-24T21:27:14.042643" elapsed="2.011002"/>
</test>
<test id="s1-t8" name="Test Plust Numbers Eight and Four" line="41">
<kw name="GET plus JSON">
<kw name="GET" owner="RequestsLibrary">
<msg time="2024-09-24T21:27:18.062766" level="INFO">GET Request : url=http://localhost:5000/plus/%22Eight%22/%22Four%22 
 path_url=/plus/%22Eight%22/%22Four%22 
 headers={'User-Agent': 'python-requests/2.31.0', 'Accept-Encoding': 'gzip, deflate', 'Accept': '*/*', 'Connection': 'keep-alive'} 
 body=None 
 </msg>
<msg time="2024-09-24T21:27:18.062766" level="INFO">GET Response : url=http://localhost:5000/plus/%22Eight%22/%22Four%22 
 status=200, reason=OK 
 headers={'Server': 'Werkzeug/3.0.1 Python/3.12.4', 'Date': 'Tue, 24 Sep 2024 14:27:18 GMT', 'Content-Type': 'application/json', 'Content-Length': '39', 'Connection': 'close'} 
 body={"error_msg":"inputs must be numbers"}
 
 </msg>
<msg time="2024-09-24T21:27:18.063279" level="INFO">${resp} = &lt;Response [200]&gt;</msg>
<var>${resp}</var>
<arg>http://localhost:5000/plus/${num1}/${num2}</arg>
<doc>Sends a GET request.</doc>
<status status="PASS" start="2024-09-24T21:27:16.055810" elapsed="2.007469"/>
</kw>
<kw name="Should Be Equal" owner="BuiltIn">
<arg>${resp.status_code}</arg>
<arg>${200}</arg>
<doc>Fails if the given objects are unequal.</doc>
<status status="PASS" start="2024-09-24T21:27:18.063279" elapsed="0.000984"/>
</kw>
<return>
<value>${resp.json()}</value>
<status status="PASS" start="2024-09-24T21:27:18.064263" elapsed="0.000000"/>
</return>
<msg time="2024-09-24T21:27:18.065242" level="INFO">${json_resp} = {'error_msg': 'inputs must be numbers'}</msg>
<var>${json_resp}</var>
<arg>"Eight"</arg>
<arg>"Four"</arg>
<status status="PASS" start="2024-09-24T21:27:16.055810" elapsed="2.009432"/>
</kw>
<kw name="Should Be Equal" owner="BuiltIn">
<arg>${json_resp['error_msg']}</arg>
<arg>inputs must be numbers</arg>
<doc>Fails if the given objects are unequal.</doc>
<status status="PASS" start="2024-09-24T21:27:18.065242" elapsed="0.000979"/>
</kw>
<status status="PASS" start="2024-09-24T21:27:16.054801" elapsed="2.011420"/>
</test>
<status status="PASS" start="2024-09-24T21:27:01.729534" elapsed="16.337662"/>
</suite>
<statistics>
<total>
<stat pass="8" fail="0" skip="0">All Tests</stat>
</total>
<tag>
</tag>
<suite>
<stat pass="8" fail="0" skip="0" id="s1" name="Test">Test</stat>
</suite>
</statistics>
<errors>
</errors>
</robot>
